Validating kwargs in model_args.yml file
Loading data and creating DataLoaders
Running with:
abstain_flag :  True
abs_gain :  5.0
acc_gain :  10.0
alphas :  {'site': 0.1, 'subsite': 0.1, 'laterality': 0.1, 'histology': 0.1, 'behavior': 0.1}
max_abs :  {'site': 0.8, 'subsite': 0.8, 'laterality': 0.5, 'histology': 0.8, 'behavior': 0.5}
min_acc :  {'site': 0.975, 'subsite': 0.975, 'laterality': 0.975, 'histology': 0.975, 'behavior': 0.975}
alpha_scale :  {'site': 0.8, 'subsite': 0.8, 'laterality': 0.8, 'histology': 0.8, 'behavior': 0.8}
tune_mode :  acc
stop_limit :  0.005
stop_metric :  max
ntask_flag :  False
ntask_tasks :  ['site', 'laterality', 'histology', 'behavior']
ntask_alpha :  0.1
ntask_alpha_scale :  0.8
ntask_max_abs :  0.9
ntask_min_acc :  0.975
Training on 363367, validate on 77623

Defining a model
Creating model trainer
Training a mthisan dac model with 1 cuda device


epoch: 1

training time 836.54
Training loss: 0.260860
task        ,      macro,      micro,   abs_frac
site        ,     0.1070,     0.9292,     0.7466
subsite     ,     0.0164,     0.7180,     0.9154
laterality  ,     0.4116,     0.9708,     0.7615
histology   ,     0.0035,     0.6667,     0.9297
behavior    ,     0.2529,     0.9847,     0.4180

epoch 1 validation

Stopping criterion not reached: 0.0222 > 0.0050
task        ,      macro,      micro,    abs_frac, target_abs,    alpha, scale_frac, stop_metric
site        ,     0.3158,     0.9968,     0.6543,     0.9750,     0.1000,     1.2176,     0.0218
subsite     ,     0.2367,     0.9972,     0.8996,     0.9750,     0.1000,     1.2218,     0.0222
laterality  ,     0.4953,     0.9928,     0.6914,     0.9750,     0.1000,     1.1778,     0.0178
histology   ,     0.0995,     0.9891,     0.9407,     0.9750,     0.1000,     1.1413,     0.0141
behavior    ,     0.2494,     0.9951,     0.2494,     0.9750,     0.1000,     1.2014,     0.0201
Updated alphas:  [0.12175796534376751, 0.1221773158840134, 0.11777842711638001, 0.11413043478260868, 0.12014263156088015]

epoch: 2

training time 829.89
Training loss: 0.355218
task        ,      macro,      micro,   abs_frac
site        ,     0.3064,     0.9917,     0.5347
subsite     ,     0.1237,     0.9935,     0.8605
laterality  ,     0.4189,     0.9822,     0.5105
histology   ,     0.1602,     0.9868,     0.9274
behavior    ,     0.5055,     0.9913,     0.1955

epoch 2 validation

Stopping criterion not reached: 0.0192 > 0.0050
task        ,      macro,      micro,    abs_frac, target_abs,    alpha, scale_frac, stop_metric
site        ,     0.4163,     0.9927,     0.5187,     0.9750,     0.1218,     1.1767,     0.0177
subsite     ,     0.1620,     0.9942,     0.8544,     0.9750,     0.1222,     1.1916,     0.0192
laterality  ,     0.4215,     0.9869,     0.5228,     0.9750,     0.1178,     1.1193,     0.0119
histology   ,     0.2438,     0.9897,     0.9248,     0.9750,     0.1141,     1.1472,     0.0147
behavior    ,     0.4871,     0.9938,     0.1976,     0.9750,     0.1201,     1.1882,     0.0188
Updated alphas:  [0.14326814815655964, 0.14558625608557618, 0.13183505745484125, 0.13093530570303136, 0.14275147980595343]

epoch: 3

training time 828.10
Training loss: 0.297748
task        ,      macro,      micro,   abs_frac
site        ,     0.3901,     0.9899,     0.4558
subsite     ,     0.1233,     0.9919,     0.8405
laterality  ,     0.4186,     0.9813,     0.4532
histology   ,     0.1710,     0.9829,     0.9103
behavior    ,     0.5769,     0.9904,     0.1656

epoch 3 validation

Stopping criterion not reached: 0.0201 > 0.0050
task        ,      macro,      micro,    abs_frac, target_abs,    alpha, scale_frac, stop_metric
site        ,     0.4613,     0.9912,     0.4482,     0.9750,     0.1433,     1.1622,     0.0162
subsite     ,     0.3177,     0.9951,     0.8505,     0.9750,     0.1456,     1.2009,     0.0201
laterality  ,     0.4201,     0.9841,     0.4538,     0.9750,     0.1318,     1.0913,     0.0091
histology   ,     0.2449,     0.9873,     0.9166,     0.9750,     0.1309,     1.1234,     0.0123
behavior    ,     0.4900,     0.9930,     0.1680,     0.9750,     0.1428,     1.1802,     0.0180
Updated alphas:  [0.1665081209882642, 0.17483209490500748, 0.14386860928415188, 0.1470899241799804, 0.1684707944817566]

epoch: 4

training time 900.69
Training loss: 0.303877
task        ,      macro,      micro,   abs_frac
site        ,     0.4753,     0.9880,     0.4063
subsite     ,     0.1896,     0.9891,     0.8230
laterality  ,     0.4184,     0.9805,     0.4172
histology   ,     0.1725,     0.9786,     0.8949
behavior    ,     0.6421,     0.9883,     0.1353

epoch 4 validation

Stopping criterion not reached: 0.0178 > 0.0050
task        ,      macro,      micro,    abs_frac, target_abs,    alpha, scale_frac, stop_metric
site        ,     0.5280,     0.9881,     0.3896,     0.9750,     0.1665,     1.1308,     0.0131
subsite     ,     0.3514,     0.9893,     0.8269,     0.9750,     0.1748,     1.1428,     0.0143
laterality  ,     0.4194,     0.9821,     0.4195,     0.9750,     0.1439,     1.0714,     0.0071
histology   ,     0.3288,     0.9838,     0.9044,     0.9750,     0.1471,     1.0884,     0.0088
behavior    ,     0.6463,     0.9928,     0.1536,     0.9750,     0.1685,     1.1785,     0.0178
Updated alphas:  [0.1882792862377851, 0.19980671460839974, 0.1541346763285173, 0.16008709420450454, 0.19853673233654154]

epoch: 5

training time 994.01
Training loss: 0.345499
task        ,      macro,      micro,   abs_frac
site        ,     0.5116,     0.9864,     0.3684
subsite     ,     0.2084,     0.9844,     0.8039
laterality  ,     0.4177,     0.9790,     0.3932
histology   ,     0.1803,     0.9745,     0.8763
behavior    ,     0.6648,     0.9852,     0.1084

epoch 5 validation

Stopping criterion not reached: 0.0136 > 0.0050
task        ,      macro,      micro,    abs_frac, target_abs,    alpha, scale_frac, stop_metric
site        ,     0.5543,     0.9854,     0.3544,     0.9750,     0.1883,     1.1035,     0.0104
subsite     ,     0.2899,     0.9831,     0.7983,     0.9750,     0.1998,     1.0814,     0.0081
laterality  ,     0.4165,     0.9763,     0.3657,     0.9750,     0.1541,     1.0126,     0.0013
histology   ,     0.2958,     0.9759,     0.8610,     0.9750,     0.1601,     1.0090,     0.0009
behavior    ,     0.6543,     0.9886,     0.1176,     0.9750,     0.1985,     1.1358,     0.0136
Updated alphas:  [0.20777093212751127, 0.21606374448591165, 0.15607470284519318, 0.1615265128305554, 0.22550518435010908]

epoch: 6

training time 831.39
Training loss: 0.280478
task        ,      macro,      micro,   abs_frac
site        ,     0.5281,     0.9845,     0.3407
subsite     ,     0.2147,     0.9820,     0.7891
laterality  ,     0.4181,     0.9796,     0.3838
histology   ,     0.1837,     0.9730,     0.8666
behavior    ,     0.6774,     0.9821,     0.0865

epoch 6 validation

Stopping criterion not reached: 0.0099 > 0.0050
task        ,      macro,      micro,    abs_frac, target_abs,    alpha, scale_frac, stop_metric
site        ,     0.5477,     0.9828,     0.3270,     0.9750,     0.2078,     1.0783,     0.0078
subsite     ,     0.2934,     0.9823,     0.7871,     0.9750,     0.2161,     1.0733,     0.0073
laterality  ,     0.4182,     0.9792,     0.3742,     0.9750,     0.1561,     1.0423,     0.0042
histology   ,     0.3691,     0.9810,     0.8857,     0.9750,     0.1615,     1.0595,     0.0060
behavior    ,     0.6667,     0.9849,     0.0905,     0.9750,     0.2255,     1.0993,     0.0099
Updated alphas:  [0.22403578815298028, 0.23191003126993057, 0.16267687481610452, 0.17113945227763985, 0.24789599656390893]

epoch: 7

training time 829.96
Training loss: 0.307877
task        ,      macro,      micro,   abs_frac
site        ,     0.5474,     0.9833,     0.3214
subsite     ,     0.2463,     0.9795,     0.7766
laterality  ,     0.4178,     0.9788,     0.3688
histology   ,     0.1948,     0.9715,     0.8513
behavior    ,     0.6812,     0.9796,     0.0689

epoch 7 validation

Stopping criterion not reached: 0.0105 > 0.0050
task        ,      macro,      micro,    abs_frac, target_abs,    alpha, scale_frac, stop_metric
site        ,     0.6192,     0.9821,     0.3187,     0.9750,     0.2240,     1.0707,     0.0071
subsite     ,     0.3203,     0.9762,     0.7708,     0.9750,     0.2319,     1.0123,     0.0012
laterality  ,     0.4177,     0.9784,     0.3627,     0.9750,     0.1627,     1.0341,     0.0034
histology   ,     0.2750,     0.9700,     0.8420,     0.9750,     0.1711,     0.9499,    -0.0050
behavior    ,     0.6791,     0.9855,     0.0870,     0.9750,     0.2479,     1.1052,     0.0105
Updated alphas:  [0.239884779217126, 0.23475465355536088, 0.1682281701470586, 0.16257131596824076, 0.2739815672479129]

epoch: 8

training time 829.71
Training loss: 0.313322
task        ,      macro,      micro,   abs_frac
site        ,     0.5567,     0.9817,     0.3050
subsite     ,     0.2517,     0.9781,     0.7681
laterality  ,     0.4281,     0.9783,     0.3571
histology   ,     0.1978,     0.9724,     0.8541
behavior    ,     0.6828,     0.9766,     0.0532

epoch 8 validation

Stopping criterion not reached: 0.0068 > 0.0050
task        ,      macro,      micro,    abs_frac, target_abs,    alpha, scale_frac, stop_metric
site        ,     0.5949,     0.9795,     0.2893,     0.9750,     0.2399,     1.0448,     0.0045
subsite     ,     0.3160,     0.9770,     0.7586,     0.9750,     0.2348,     1.0200,     0.0020
laterality  ,     0.4171,     0.9774,     0.3577,     0.9750,     0.1682,     1.0242,     0.0024
histology   ,     0.3124,     0.9725,     0.8606,     0.9750,     0.1626,     0.9754,    -0.0025
behavior    ,     0.6847,     0.9818,     0.0670,     0.9750,     0.2740,     1.0680,     0.0068
Updated alphas:  [0.25063099983962805, 0.23944360744835835, 0.17229385295947747, 0.15857729477765553, 0.29261328990776975]

epoch: 9

training time 866.33
Training loss: 0.335363
task        ,      macro,      micro,   abs_frac
site        ,     0.5716,     0.9806,     0.2922
subsite     ,     0.2784,     0.9775,     0.7598
laterality  ,     0.4174,     0.9781,     0.3480
histology   ,     0.2517,     0.9735,     0.8524
behavior    ,     0.7009,     0.9740,     0.0424

epoch 9 validation

Stopping criterion reached: 0.0045 < 0.0050
task        ,      macro,      micro,    abs_frac, target_abs,    alpha, scale_frac, stop_metric
site        ,     0.6016,     0.9795,     0.2864,     0.9750,     0.2506,     1.0453,     0.0045
subsite     ,     0.3197,     0.9780,     0.7600,     0.9750,     0.2394,     1.0304,     0.0030
laterality  ,     0.4171,     0.9773,     0.3464,     0.9750,     0.1723,     1.0229,     0.0023
histology   ,     0.2993,     0.9708,     0.8305,     0.9750,     0.1586,     0.9582,    -0.0042
behavior    ,     0.7074,     0.9783,     0.0466,     0.9750,     0.2926,     1.0328,     0.0033


