Validating kwargs in model_args.yml file
Loading data and creating DataLoaders
Running with:
abstain_flag :  True
abs_gain :  5.0
acc_gain :  10.0
alphas :  {'site': 0.1, 'subsite': 0.1, 'laterality': 0.1, 'histology': 0.1, 'behavior': 0.1}
max_abs :  {'site': 0.8, 'subsite': 0.8, 'laterality': 0.5, 'histology': 0.8, 'behavior': 0.5}
min_acc :  {'site': 0.975, 'subsite': 0.975, 'laterality': 0.975, 'histology': 0.975, 'behavior': 0.975}
alpha_scale :  {'site': 0.8, 'subsite': 0.8, 'laterality': 0.8, 'histology': 0.8, 'behavior': 0.8}
tune_mode :  acc
stop_limit :  0.005
stop_metric :  max
ntask_flag :  True
ntask_tasks :  ['site', 'laterality', 'histology', 'behavior']
ntask_alpha :  0.1
ntask_alpha_scale :  0.8
ntask_max_abs :  0.9
ntask_min_acc :  0.975
Training on 363367, validate on 77623

Defining a model
Creating model trainer
Training a mthisan dac model with 2 cuda device


epoch: 1

training time 513.38
Training loss: 0.339967
task        ,      macro,      micro,   abs_frac
site        ,     0.1057,     0.9207,     0.7505
subsite     ,     0.0135,     0.6577,     0.9199
laterality  ,     0.4144,     0.9748,     0.7656
histology   ,     0.0035,     0.5997,     0.9314
behavior    ,     0.2508,     0.9806,     0.4239
ntask       :     0.9818,     0.9818,     0.9827

epoch 1 validation

Stopping criterion not reached: 0.0218 > 0.0050
task        ,      macro,      micro,    abs_frac, target_abs,     alpha,   scale_frac,  stop_metric
site        ,     0.3281,     0.9965,     0.6440,     0.9750,     0.1215,     1.2149,     0.0215
subsite     ,     0.2261,     0.9968,     0.9028,     0.9750,     0.1218,     1.2182,     0.0218
laterality  ,     0.4942,     0.9912,     0.6557,     0.9750,     0.1162,     1.1617,     0.0162
histology   ,     0.0904,     0.9878,     0.9375,     0.9750,     0.1128,     1.1284,     0.0128
behavior    ,     0.2494,     0.9949,     0.2450,     0.9750,     0.1199,     1.1993,     0.0199
ntask       ,     0.9868,     0.9868,     0.9698,     0.9750,     0.1118,     1.1179,     0.0118
Updated ntask alpha: 0.111786
Updated alphas:  [0.12148957730167922, 0.12182034976152625, 0.11616898667864098, 0.11283505154639176, 0.11993251889641524]

epoch: 2

training time 503.03
Training loss: 0.415036
task        ,      macro,      micro,   abs_frac
site        ,     0.3057,     0.9914,     0.5367
subsite     ,     0.1037,     0.9934,     0.8636
laterality  ,     0.4190,     0.9825,     0.5153
histology   ,     0.1480,     0.9859,     0.9263
behavior    ,     0.4996,     0.9914,     0.2006
ntask       :     0.9849,     0.9849,     0.9457

epoch 2 validation

Stopping criterion not reached: 0.0195 > 0.0050
task        ,      macro,      micro,    abs_frac, target_abs,     alpha,   scale_frac,  stop_metric
site        ,     0.4153,     0.9924,     0.5076,     0.9750,     0.1427,     1.1744,     0.0174
subsite     ,     0.1834,     0.9945,     0.8603,     0.9750,     0.1455,     1.1947,     0.0195
laterality  ,     0.4918,     0.9870,     0.5240,     0.9750,     0.1301,     1.1198,     0.0120
histology   ,     0.2437,     0.9898,     0.9256,     0.9750,     0.1295,     1.1478,     0.0148
behavior    ,     0.4834,     0.9940,     0.2019,     0.9750,     0.1428,     1.1903,     0.0190
ntask       ,     0.9882,     0.9882,     0.9498,     0.9750,     0.1265,     1.1320,     0.0132
Updated ntask alpha: 0.126537
Updated alphas:  [0.14267603477392932, 0.14553385724830925, 0.13008801082139146, 0.12951208389213203, 0.142752493122985]

epoch: 3

training time 492.32
Training loss: 0.396561
task        ,      macro,      micro,   abs_frac
site        ,     0.4108,     0.9897,     0.4525
subsite     ,     0.1305,     0.9924,     0.8425
laterality  ,     0.4184,     0.9813,     0.4578
histology   ,     0.1664,     0.9821,     0.9093
behavior    ,     0.5610,     0.9903,     0.1671
ntask       :     0.9850,     0.9850,     0.9377

epoch 3 validation

Stopping criterion not reached: 0.0197 > 0.0050
task        ,      macro,      micro,    abs_frac, target_abs,     alpha,   scale_frac,  stop_metric
site        ,     0.4498,     0.9912,     0.4511,     0.9750,     0.1657,     1.1615,     0.0162
subsite     ,     0.2792,     0.9947,     0.8516,     0.9750,     0.1742,     1.1971,     0.0197
laterality  ,     0.4195,     0.9828,     0.4447,     0.9750,     0.1402,     1.0779,     0.0078
histology   ,     0.2679,     0.9868,     0.9164,     0.9750,     0.1447,     1.1175,     0.0118
behavior    ,     0.4872,     0.9925,     0.1692,     0.9750,     0.1677,     1.1750,     0.0175
ntask       ,     0.9872,     0.9872,     0.9314,     0.9750,     0.1420,     1.1223,     0.0122
Updated ntask alpha: 0.142019
Updated alphas:  [0.16571973478518193, 0.1742117705733657, 0.14021591009322604, 0.14473354415240572, 0.1677271514750552]

epoch: 4

training time 505.40
Training loss: 0.410304
task        ,      macro,      micro,   abs_frac
site        ,     0.4777,     0.9882,     0.4023
subsite     ,     0.2081,     0.9891,     0.8259
laterality  ,     0.4181,     0.9802,     0.4229
histology   ,     0.1613,     0.9770,     0.8916
behavior    ,     0.6187,     0.9881,     0.1409
ntask       :     0.9854,     0.9854,     0.9305

epoch 4 validation

Stopping criterion not reached: 0.0180 > 0.0050
task        ,      macro,      micro,    abs_frac, target_abs,     alpha,   scale_frac,  stop_metric
site        ,     0.5693,     0.9877,     0.3877,     0.9750,     0.1868,     1.1271,     0.0127
subsite     ,     0.3184,     0.9903,     0.8288,     0.9750,     0.2009,     1.1529,     0.0153
laterality  ,     0.4195,     0.9829,     0.4407,     0.9750,     0.1513,     1.0788,     0.0079
histology   ,     0.3583,     0.9819,     0.8956,     0.9750,     0.1547,     1.0686,     0.0069
behavior    ,     0.6099,     0.9930,     0.1586,     0.9750,     0.1979,     1.1802,     0.0180
ntask       ,     0.9867,     0.9867,     0.9313,     0.9750,     0.1586,     1.1168,     0.0117
Updated ntask alpha: 0.158602
Updated alphas:  [0.1867855811349132, 0.2008509490833707, 0.15127181768212117, 0.15466667603825104, 0.19794844493656996]

epoch: 5

training time 504.86
Training loss: 0.446472
task        ,      macro,      micro,   abs_frac
site        ,     0.5220,     0.9859,     0.3652
subsite     ,     0.2070,     0.9845,     0.8061
laterality  ,     0.4177,     0.9791,     0.3939
histology   ,     0.2080,     0.9740,     0.8720
behavior    ,     0.6601,     0.9850,     0.1107
ntask       :     0.9841,     0.9841,     0.9241

epoch 5 validation

Stopping criterion not reached: 0.0124 > 0.0050
task        ,      macro,      micro,    abs_frac, target_abs,     alpha,   scale_frac,  stop_metric
site        ,     0.5651,     0.9862,     0.3626,     0.9750,     0.2077,     1.1122,     0.0112
subsite     ,     0.2748,     0.9848,     0.8045,     0.9750,     0.2205,     1.0978,     0.0098
laterality  ,     0.4162,     0.9762,     0.3688,     0.9750,     0.1531,     1.0122,     0.0012
histology   ,     0.3061,     0.9774,     0.8697,     0.9750,     0.1583,     1.0236,     0.0024
behavior    ,     0.6536,     0.9874,     0.1112,     0.9750,     0.2224,     1.1238,     0.0124
ntask       ,     0.9855,     0.9855,     0.9282,     0.9750,     0.1752,     1.1047,     0.0105
Updated ntask alpha: 0.175213
Updated alphas:  [0.2077366719857372, 0.22048531079350778, 0.15312339164597466, 0.15832082150811488, 0.22244489136809287]

epoch: 6

training time 507.33
Training loss: 0.390935
task        ,      macro,      micro,   abs_frac
site        ,     0.5252,     0.9842,     0.3397
subsite     ,     0.2230,     0.9814,     0.7897
laterality  ,     0.4178,     0.9793,     0.3831
histology   ,     0.2036,     0.9718,     0.8616
behavior    ,     0.6639,     0.9820,     0.0891
ntask       :     0.9829,     0.9829,     0.9166

epoch 6 validation

Stopping criterion not reached: 0.0120 > 0.0050
task        ,      macro,      micro,    abs_frac, target_abs,     alpha,   scale_frac,  stop_metric
site        ,     0.5656,     0.9826,     0.3221,     0.9750,     0.2235,     1.0757,     0.0076
subsite     ,     0.2733,     0.9804,     0.7796,     0.9750,     0.2324,     1.0542,     0.0054
laterality  ,     0.4176,     0.9786,     0.3706,     0.9750,     0.1586,     1.0357,     0.0036
histology   ,     0.3250,     0.9773,     0.8745,     0.9750,     0.1620,     1.0231,     0.0023
behavior    ,     0.6619,     0.9854,     0.0944,     0.9750,     0.2457,     1.1043,     0.0104
ntask       ,     0.9870,     0.9870,     0.9265,     0.9750,     0.1963,     1.1204,     0.0120
Updated ntask alpha: 0.196305
Updated alphas:  [0.22346891519864412, 0.23242729842651294, 0.1585887260883586, 0.16198181781698492, 0.24565308580763429]

epoch: 7

training time 503.89
Training loss: 0.424997
task        ,      macro,      micro,   abs_frac
site        ,     0.5488,     0.9828,     0.3201
subsite     ,     0.2385,     0.9794,     0.7772
laterality  ,     0.4175,     0.9787,     0.3711
histology   ,     0.2354,     0.9717,     0.8505
behavior    ,     0.6805,     0.9791,     0.0713
ntask       :     0.9806,     0.9806,     0.9081

epoch 7 validation

Stopping criterion not reached: 0.0090 > 0.0050
task        ,      macro,      micro,    abs_frac, target_abs,     alpha,   scale_frac,  stop_metric
site        ,     0.6338,     0.9831,     0.3200,     0.9750,     0.2416,     1.0812,     0.0081
subsite     ,     0.3110,     0.9776,     0.7706,     0.9750,     0.2385,     1.0260,     0.0026
laterality  ,     0.4177,     0.9788,     0.3721,     0.9750,     0.1646,     1.0381,     0.0038
histology   ,     0.2883,     0.9724,     0.8412,     0.9750,     0.1578,     0.9742,    -0.0026
behavior    ,     0.6746,     0.9837,     0.0804,     0.9750,     0.2670,     1.0869,     0.0087
ntask       ,     0.9840,     0.9840,     0.9144,     0.9750,     0.2141,     1.0905,     0.0090
Updated ntask alpha: 0.214067
Updated alphas:  [0.24161147491115242, 0.23846309997183945, 0.16462377891489155, 0.15780713028260698, 0.2670086127469085]

epoch: 8

training time 503.98
Training loss: 0.448131
task        ,      macro,      micro,   abs_frac
site        ,     0.5621,     0.9811,     0.3022
subsite     ,     0.2687,     0.9778,     0.7681
laterality  ,     0.4174,     0.9784,     0.3585
histology   ,     0.2346,     0.9709,     0.8478
behavior    ,     0.6929,     0.9764,     0.0571
ntask       :     0.9789,     0.9789,     0.9026

epoch 8 validation

Stopping criterion not reached: 0.0060 > 0.0050
task        ,      macro,      micro,    abs_frac, target_abs,     alpha,   scale_frac,  stop_metric
site        ,     0.5865,     0.9793,     0.2900,     0.9750,     0.2520,     1.0428,     0.0043
subsite     ,     0.2981,     0.9774,     0.7631,     0.9750,     0.2441,     1.0238,     0.0024
laterality  ,     0.4171,     0.9777,     0.3605,     0.9750,     0.1690,     1.0266,     0.0027
histology   ,     0.3363,     0.9721,     0.8500,     0.9750,     0.1532,     0.9708,    -0.0029
behavior    ,     0.6762,     0.9810,     0.0679,     0.9750,     0.2830,     1.0598,     0.0060
ntask       ,     0.9793,     0.9793,     0.9085,     0.9750,     0.2233,     1.0431,     0.0043
Updated ntask alpha: 0.223288
Updated alphas:  [0.2519507836816635, 0.24414202764624487, 0.1690006243836344, 0.15319764365923189, 0.28298281677466314]

epoch: 9

training time 502.64
Training loss: 0.481384
task        ,      macro,      micro,   abs_frac
site        ,     0.5841,     0.9801,     0.2913
subsite     ,     0.2844,     0.9768,     0.7598
laterality  ,     0.4171,     0.9776,     0.3509
histology   ,     0.2597,     0.9718,     0.8476
behavior    ,     0.6985,     0.9747,     0.0476
ntask       :     0.9774,     0.9774,     0.8973

epoch 9 validation

Stopping criterion not reached: 0.0054 > 0.0050
task        ,      macro,      micro,    abs_frac, target_abs,     alpha,   scale_frac,  stop_metric
site        ,     0.6338,     0.9799,     0.2873,     0.9750,     0.2643,     1.0490,     0.0049
subsite     ,     0.3048,     0.9787,     0.7620,     0.9750,     0.2532,     1.0372,     0.0037
laterality  ,     0.4165,     0.9764,     0.3479,     0.9750,     0.1713,     1.0137,     0.0014
histology   ,     0.3031,     0.9696,     0.8253,     0.9750,     0.1449,     0.9461,    -0.0054
behavior    ,     0.6763,     0.9787,     0.0524,     0.9750,     0.2934,     1.0367,     0.0037
ntask       ,     0.9752,     0.9752,     0.8923,     0.9750,     0.2238,     1.0024,     0.0002
Updated ntask alpha: 0.223822
Updated alphas:  [0.2642969367899166, 0.2532352343927052, 0.17131701642485037, 0.14494341156798937, 0.29336552191735416]

epoch: 10

training time 501.76
Training loss: 0.455127
task        ,      macro,      micro,   abs_frac
site        ,     0.5949,     0.9793,     0.2800
subsite     ,     0.2922,     0.9756,     0.7500
laterality  ,     0.4172,     0.9778,     0.3447
histology   ,     0.2731,     0.9750,     0.8519
behavior    ,     0.7036,     0.9737,     0.0412
ntask       :     0.9789,     0.9789,     0.8962

epoch 10 validation

Stopping criterion reached: 0.0038 < 0.0050
task        ,      macro,      micro,    abs_frac, target_abs,     alpha,   scale_frac,  stop_metric
site        ,     0.6165,     0.9772,     0.2669,     0.9750,     0.2700,     1.0217,     0.0022
subsite     ,     0.3302,     0.9739,     0.7461,     0.9750,     0.2504,     0.9886,    -0.0011
laterality  ,     0.4160,     0.9752,     0.3382,     0.9750,     0.1716,     1.0016,     0.0002
histology   ,     0.3663,     0.9712,     0.8298,     0.9750,     0.1394,     0.9616,    -0.0038
behavior    ,     0.6908,     0.9764,     0.0428,     0.9750,     0.2976,     1.0145,     0.0014
ntask       ,     0.9759,     0.9759,     0.8938,     0.9750,     0.2257,     1.0085,     0.0009

Predicting train set


Predicting val set


Predicting test set

Saving predictions to csv

model file has been saved at savedmodels/model_fold0.h5
